{"timestamp": "2026-02-11T05:37:22.577823", "action": "list_directory", "details": {"path": "C:\\AAJ\\apitester\\workspace", "items": 0}, "status": "success"}
{"timestamp": "2026-02-11T05:40:05.588025", "action": "list_directory", "details": {"path": "C:\\AAJ\\apitester\\workspace", "items": 0}, "status": "success"}
{"timestamp": "2026-02-11T05:41:47.305211", "action": "list_directory", "details": {"path": "C:\\AAJ\\apitester\\workspace", "items": 0}, "status": "success"}
{"timestamp": "2026-02-11T05:52:03.198741", "action": "list_directory", "details": {"path": "C:\\AAJ\\apitester\\workspace", "items": 0}, "status": "success"}
{"timestamp": "2026-02-11T05:52:03.940641", "action": "list_directory", "details": {"path": "C:\\AAJ\\apitester\\workspace", "items": 0}, "status": "success"}
{"timestamp": "2026-02-11T05:52:15.277560", "action": "list_directory", "details": {"path": "C:\\AAJ\\apitester\\workspace", "items": 0}, "status": "success"}
{"timestamp": "2026-02-11T05:55:29.331280", "action": "list_directory", "details": {"path": "C:\\AAJ\\apitester", "items": 12}, "status": "success"}
{"timestamp": "2026-02-11T05:55:52.494638", "action": "read_file", "details": {"path": "C:\\AAJ\\apitester\\api_tester.py", "size": 32079}, "status": "success"}
{"timestamp": "2026-02-11T06:04:54.459329", "action": "read_file", "details": {"path": "C:\\AAJ\\apitester\\README.md", "lines": "1-293", "size": 7298}, "status": "success"}
{"timestamp": "2026-02-11T06:07:07.745838", "action": "create_file", "details": {"path": "C:\\AAJ\\apitester\\workspace\\test_plan.md", "size": 485}, "status": "success"}
{"timestamp": "2026-02-11T06:07:47.171353", "action": "read_file", "details": {"path": "C:\\AAJ\\apitester\\workspace\\test_plan.md", "lines": "1-5", "size": 485}, "status": "success"}
{"timestamp": "2026-02-11T06:08:27.434024", "action": "update_file", "details": {"path": "C:\\AAJ\\apitester\\workspace\\test_plan.md", "old_size": 485, "new_size": 621}, "status": "success"}
{"timestamp": "2026-02-11T06:08:59.103541", "action": "list_directory", "details": {"path": "C:\\AAJ\\apitester\\workspace", "items": 2}, "status": "success"}
{"timestamp": "2026-02-11T06:16:36.268293", "action": "create_file", "details": {"path": "C:\\AAJ\\apitester\\test_plan.txt", "size": 74}, "status": "success"}
{"timestamp": "2026-02-11T06:16:36.287837", "action": "read_file", "details": {"path": "C:\\AAJ\\apitester\\test_plan.txt", "lines": "1-1", "size": 74}, "status": "success"}
{"timestamp": "2026-02-11T06:16:55.640325", "action": "delete_file", "details": {"path": "C:\\AAJ\\apitester\\workspace\\test_plan.md", "size": 626}, "status": "success"}
{"timestamp": "2026-02-11T06:19:57.123035", "action": "read_file", "details": {"path": "C:\\Windows\\System32\\drivers\\etc\\hosts", "error": "Invalid path: Access denied: Path must be within workspace directories"}, "status": "denied"}
{"timestamp": "2026-02-17T05:11:25.766457", "action": "list_directory", "details": {"path": "C:\\AAJ\\apitester", "items": 13}, "status": "success"}
{"timestamp": "2026-02-17T05:11:54.581162", "action": "read_file", "details": {"path": "C:\\AAJ\\apitester\\api_tester.py", "lines": "1-847", "size": 33834}, "status": "success"}
{"timestamp": "2026-02-17T06:09:49.207962", "action": "create_file", "details": {"path": "C:\\AAJ\\apitester\\workspace\\aaj.txt", "size": 0}, "status": "success"}
{"timestamp": "2026-02-17T06:10:25.748341", "action": "create_file", "details": {"path": "C:\\AAJ\\apitester\\workspace\\test123.txt", "size": 15}, "status": "success"}
{"timestamp": "2026-02-17T06:15:57.649440", "action": "create_file", "details": {"path": "C:\\AAJ\\apitester\\hello.py", "size": 20}, "status": "success"}
{"timestamp": "2026-02-17T06:16:17.765305", "action": "delete_file", "details": {"path": "C:\\AAJ\\apitester\\hello.py", "size": 20}, "status": "success"}
{"timestamp": "2026-02-17T06:20:03.154180", "action": "execute_command", "details": {"command": "clear", "returncode": 1}, "status": "success"}
{"timestamp": "2026-02-17T06:20:20.961926", "action": "create_file", "details": {"path": "C:\\AAJ\\apitester\\workspace\\hello.py", "size": 21}, "status": "success"}
{"timestamp": "2026-02-17T06:21:20.917615", "action": "delete_file", "details": {"path": "C:\\AAJ\\apitester\\workspace\\hello.py", "size": 21}, "status": "success"}
{"timestamp": "2026-02-17T08:56:59.497776", "action": "create_file", "details": {"path": "C:\\Users\\adars\\AppData\\Local\\Temp\\pytest-of-adars\\pytest-0\\test_create_new_file_success0\\workspace\\test.txt", "error": "Invalid path: Access denied: Path must be within workspace directories"}, "status": "denied"}
{"timestamp": "2026-02-17T08:56:59.506834", "action": "create_file", "details": {"path": "C:\\Users\\adars\\AppData\\Local\\Temp\\pytest-of-adars\\pytest-0\\test_create_existing_file_fail0\\test.txt", "error": "Invalid path: Access denied: Path must be within workspace directories"}, "status": "denied"}
{"timestamp": "2026-02-17T08:56:59.512484", "action": "create_file", "details": {"path": "/invalid/path.txt", "error": "Access denied"}, "status": "denied"}
{"timestamp": "2026-02-17T08:56:59.518761", "action": "read_file", "details": {"path": "C:\\Users\\adars\\AppData\\Local\\Temp\\pytest-of-adars\\pytest-0\\test_read_file_success0\\test.txt", "error": "Invalid path: Access denied: Path must be within workspace directories"}, "status": "denied"}
{"timestamp": "2026-02-17T08:56:59.535488", "action": "read_file", "details": {"path": "C:\\Users\\adars\\AppData\\Local\\Temp\\pytest-of-adars\\pytest-0\\test_read_file_line_range0\\test.txt", "error": "Invalid path: Access denied: Path must be within workspace directories"}, "status": "denied"}
{"timestamp": "2026-02-17T08:56:59.542054", "action": "read_file", "details": {"path": "/tmp/nonexistent.txt", "error": "Invalid path: Access denied: Path must be within workspace directories"}, "status": "denied"}
{"timestamp": "2026-02-17T08:56:59.550596", "action": "update_file", "details": {"path": "C:\\Users\\adars\\AppData\\Local\\Temp\\pytest-of-adars\\pytest-0\\test_update_file_success0\\test.txt", "error": "Invalid path: Access denied: Path must be within workspace directories"}, "status": "denied"}
{"timestamp": "2026-02-17T08:56:59.556948", "action": "update_file", "details": {"path": "/tmp/nonexistent.txt", "error": "Invalid path: Access denied: Path must be within workspace directories"}, "status": "denied"}
{"timestamp": "2026-02-17T08:56:59.566444", "action": "delete_file", "details": {"path": "C:\\Users\\adars\\AppData\\Local\\Temp\\pytest-of-adars\\pytest-0\\test_delete_file_success0\\test.txt", "error": "Invalid path: Access denied: Path must be within workspace directories"}, "status": "denied"}
{"timestamp": "2026-02-17T08:56:59.575957", "action": "delete_file", "details": {"path": "/tmp/nonexistent.txt", "error": "Invalid path: Access denied: Path must be within workspace directories"}, "status": "denied"}
{"timestamp": "2026-02-17T08:56:59.592235", "action": "list_directory", "details": {"path": "C:\\Users\\adars\\AppData\\Local\\Temp\\pytest-of-adars\\pytest-0\\test_list_directory_success0", "error": "Invalid path: Access denied: Path must be within workspace directories"}, "status": "denied"}
{"timestamp": "2026-02-17T08:56:59.599986", "action": "list_directory", "details": {"path": "/tmp/nonexistent_dir", "error": "Invalid path: Access denied: Path must be within workspace directories"}, "status": "denied"}
{"timestamp": "2026-02-17T08:56:59.625778", "action": "execute_command", "details": {"command": "echo test", "returncode": 0}, "status": "success"}
{"timestamp": "2026-02-17T08:56:59.626828", "action": "execute_command", "details": {"command": "rm -rf /", "error": "Dangerous command detected: rm"}, "status": "blocked"}
{"timestamp": "2026-02-17T08:56:59.631204", "action": "create_file", "details": {"path": "C:\\Users\\adars\\AppData\\Local\\Temp\\pytest-of-adars\\pytest-0\\test_execute_create_file0\\workspace\\test.txt", "error": "Invalid path: Access denied: Path must be within workspace directories"}, "status": "denied"}
{"timestamp": "2026-02-17T08:56:59.638683", "action": "list_directory", "details": {"path": "C:\\AAJ\\apitester", "items": 23}, "status": "success"}
{"timestamp": "2026-02-17T08:57:07.240391", "action": "create_file", "details": {"path": "C:\\Users\\adars\\AppData\\Local\\Temp\\pytest-of-adars\\pytest-1\\test_create_new_file_success0\\workspace\\test.txt", "error": "Invalid path: Access denied: Path must be within workspace directories"}, "status": "denied"}
{"timestamp": "2026-02-17T08:57:07.247764", "action": "create_file", "details": {"path": "C:\\Users\\adars\\AppData\\Local\\Temp\\pytest-of-adars\\pytest-1\\test_create_existing_file_fail0\\test.txt", "error": "Invalid path: Access denied: Path must be within workspace directories"}, "status": "denied"}
{"timestamp": "2026-02-17T08:57:07.253137", "action": "create_file", "details": {"path": "/invalid/path.txt", "error": "Access denied"}, "status": "denied"}
{"timestamp": "2026-02-17T08:57:07.257241", "action": "read_file", "details": {"path": "C:\\Users\\adars\\AppData\\Local\\Temp\\pytest-of-adars\\pytest-1\\test_read_file_success0\\test.txt", "error": "Invalid path: Access denied: Path must be within workspace directories"}, "status": "denied"}
{"timestamp": "2026-02-17T08:57:07.263481", "action": "read_file", "details": {"path": "C:\\Users\\adars\\AppData\\Local\\Temp\\pytest-of-adars\\pytest-1\\test_read_file_line_range0\\test.txt", "error": "Invalid path: Access denied: Path must be within workspace directories"}, "status": "denied"}
{"timestamp": "2026-02-17T08:57:07.268812", "action": "read_file", "details": {"path": "/tmp/nonexistent.txt", "error": "Invalid path: Access denied: Path must be within workspace directories"}, "status": "denied"}
{"timestamp": "2026-02-17T08:57:07.276648", "action": "update_file", "details": {"path": "C:\\Users\\adars\\AppData\\Local\\Temp\\pytest-of-adars\\pytest-1\\test_update_file_success0\\test.txt", "error": "Invalid path: Access denied: Path must be within workspace directories"}, "status": "denied"}
{"timestamp": "2026-02-17T08:57:07.281989", "action": "update_file", "details": {"path": "/tmp/nonexistent.txt", "error": "Invalid path: Access denied: Path must be within workspace directories"}, "status": "denied"}
{"timestamp": "2026-02-17T08:57:07.289411", "action": "delete_file", "details": {"path": "C:\\Users\\adars\\AppData\\Local\\Temp\\pytest-of-adars\\pytest-1\\test_delete_file_success0\\test.txt", "error": "Invalid path: Access denied: Path must be within workspace directories"}, "status": "denied"}
{"timestamp": "2026-02-17T08:57:07.294422", "action": "delete_file", "details": {"path": "/tmp/nonexistent.txt", "error": "Invalid path: Access denied: Path must be within workspace directories"}, "status": "denied"}
{"timestamp": "2026-02-17T08:57:07.302810", "action": "list_directory", "details": {"path": "C:\\Users\\adars\\AppData\\Local\\Temp\\pytest-of-adars\\pytest-1\\test_list_directory_success0", "error": "Invalid path: Access denied: Path must be within workspace directories"}, "status": "denied"}
{"timestamp": "2026-02-17T08:57:07.308255", "action": "list_directory", "details": {"path": "/tmp/nonexistent_dir", "error": "Invalid path: Access denied: Path must be within workspace directories"}, "status": "denied"}
{"timestamp": "2026-02-17T08:57:07.321731", "action": "execute_command", "details": {"command": "echo test", "returncode": 0}, "status": "success"}
{"timestamp": "2026-02-17T08:57:07.322716", "action": "execute_command", "details": {"command": "rm -rf /", "error": "Dangerous command detected: rm"}, "status": "blocked"}
{"timestamp": "2026-02-17T08:57:07.327075", "action": "create_file", "details": {"path": "C:\\Users\\adars\\AppData\\Local\\Temp\\pytest-of-adars\\pytest-1\\test_execute_create_file0\\workspace\\test.txt", "error": "Invalid path: Access denied: Path must be within workspace directories"}, "status": "denied"}
{"timestamp": "2026-02-17T08:57:07.340950", "action": "list_directory", "details": {"path": "C:\\AAJ\\apitester", "items": 24}, "status": "success"}
{"timestamp": "2026-02-17T08:57:07.543516", "action": "create_file", "details": {"path": "C:\\AAJ\\apitester\\workspace\\test.txt", "size": 5}, "status": "success"}
{"timestamp": "2026-02-17T08:57:07.577334", "action": "create_file", "details": {"path": "C:\\AAJ\\apitester\\workspace\\a.txt", "size": 1}, "status": "success"}
{"timestamp": "2026-02-17T08:57:07.578319", "action": "read_file", "details": {"path": "C:\\AAJ\\apitester\\workspace\\a.txt", "lines": "1-1", "size": 1}, "status": "success"}
{"timestamp": "2026-02-17T09:02:19.852235", "action": "create_file", "details": {"path": "C:\\Users\\adars\\AppData\\Local\\Temp\\pytest-of-adars\\pytest-2\\test_create_new_file_success0\\workspace\\test.txt", "error": "Invalid path: Access denied: Path must be within workspace directories"}, "status": "denied"}
{"timestamp": "2026-02-17T09:02:19.855630", "action": "create_file", "details": {"path": "C:\\Users\\adars\\AppData\\Local\\Temp\\pytest-of-adars\\pytest-2\\test_create_existing_file_fail0\\test.txt", "error": "Invalid path: Access denied: Path must be within workspace directories"}, "status": "denied"}
{"timestamp": "2026-02-17T09:02:19.856793", "action": "create_file", "details": {"path": "/invalid/path.txt", "error": "Access denied"}, "status": "denied"}
{"timestamp": "2026-02-17T09:02:19.861783", "action": "read_file", "details": {"path": "C:\\Users\\adars\\AppData\\Local\\Temp\\pytest-of-adars\\pytest-2\\test_read_file_success0\\test.txt", "error": "Invalid path: Access denied: Path must be within workspace directories"}, "status": "denied"}
{"timestamp": "2026-02-17T09:02:19.864346", "action": "read_file", "details": {"path": "C:\\Users\\adars\\AppData\\Local\\Temp\\pytest-of-adars\\pytest-2\\test_read_file_line_range0\\test.txt", "error": "Invalid path: Access denied: Path must be within workspace directories"}, "status": "denied"}
{"timestamp": "2026-02-17T09:02:19.865790", "action": "read_file", "details": {"path": "/tmp/nonexistent.txt", "error": "Invalid path: Access denied: Path must be within workspace directories"}, "status": "denied"}
{"timestamp": "2026-02-17T09:02:19.869612", "action": "update_file", "details": {"path": "C:\\Users\\adars\\AppData\\Local\\Temp\\pytest-of-adars\\pytest-2\\test_update_file_success0\\test.txt", "error": "Invalid path: Access denied: Path must be within workspace directories"}, "status": "denied"}
{"timestamp": "2026-02-17T09:02:19.871066", "action": "update_file", "details": {"path": "/tmp/nonexistent.txt", "error": "Invalid path: Access denied: Path must be within workspace directories"}, "status": "denied"}
{"timestamp": "2026-02-17T09:02:19.874534", "action": "delete_file", "details": {"path": "C:\\Users\\adars\\AppData\\Local\\Temp\\pytest-of-adars\\pytest-2\\test_delete_file_success0\\test.txt", "error": "Invalid path: Access denied: Path must be within workspace directories"}, "status": "denied"}
{"timestamp": "2026-02-17T09:02:19.875982", "action": "delete_file", "details": {"path": "/tmp/nonexistent.txt", "error": "Invalid path: Access denied: Path must be within workspace directories"}, "status": "denied"}
{"timestamp": "2026-02-17T09:02:19.880275", "action": "list_directory", "details": {"path": "C:\\Users\\adars\\AppData\\Local\\Temp\\pytest-of-adars\\pytest-2\\test_list_directory_success0", "error": "Invalid path: Access denied: Path must be within workspace directories"}, "status": "denied"}
{"timestamp": "2026-02-17T09:02:19.881680", "action": "list_directory", "details": {"path": "/tmp/nonexistent_dir", "error": "Invalid path: Access denied: Path must be within workspace directories"}, "status": "denied"}
{"timestamp": "2026-02-17T09:02:19.885784", "action": "execute_command", "details": {"command": "echo test", "returncode": 0}, "status": "success"}
{"timestamp": "2026-02-17T09:02:19.886629", "action": "execute_command", "details": {"command": "rm -rf /", "error": "Dangerous command detected: rm"}, "status": "blocked"}
{"timestamp": "2026-02-17T09:02:19.890531", "action": "create_file", "details": {"path": "C:\\Users\\adars\\AppData\\Local\\Temp\\pytest-of-adars\\pytest-2\\test_execute_create_file0\\workspace\\test.txt", "error": "Invalid path: Access denied: Path must be within workspace directories"}, "status": "denied"}
{"timestamp": "2026-02-17T09:02:19.892455", "action": "list_directory", "details": {"path": "C:\\AAJ\\apitester", "items": 32}, "status": "success"}
{"timestamp": "2026-02-17T09:02:20.009299", "action": "read_file", "details": {"path": "C:\\AAJ\\apitester\\workspace\\a.txt", "lines": "1-1", "size": 1}, "status": "success"}
